2013/04/24 13:46:58 [error] [system.db.CDbCommand] CDbCommand::fetchAll() failed: SQLSTATE[42S02]: Base table or view not found: 1146 Table 'trackstar.tbl_project' doesn't exist. The SQL statement executed was: SHOW FULL COLUMNS FROM `tbl_project`.
in /Library/WebServer/Documents/trackstar/index.php (13)
2013/04/24 13:48:32 [error] [system.db.CDbCommand] CDbCommand::fetchAll() failed: SQLSTATE[42S02]: Base table or view not found: 1146 Table 'trackstar.tbl_project' doesn't exist. The SQL statement executed was: SHOW FULL COLUMNS FROM `tbl_project`.
in /Library/WebServer/Documents/trackstar/index.php (13)
2013/04/24 13:48:45 [error] [system.db.CDbCommand] CDbCommand::fetchAll() failed: SQLSTATE[42S02]: Base table or view not found: 1146 Table 'trackstar.tbl_project' doesn't exist. The SQL statement executed was: SHOW FULL COLUMNS FROM `tbl_project`.
in /Library/WebServer/Documents/trackstar/index.php (13)
2013/04/24 13:50:08 [error] [system.db.CDbCommand] CDbCommand::fetchAll() failed: SQLSTATE[42S02]: Base table or view not found: 1146 Table 'trackstar.tbl_project' doesn't exist. The SQL statement executed was: SHOW FULL COLUMNS FROM `tbl_project`.
in /Library/WebServer/Documents/trackstar/index.php (13)
2013/04/24 13:50:33 [error] [system.db.CDbCommand] CDbCommand::fetchAll() failed: SQLSTATE[42S02]: Base table or view not found: 1146 Table 'trackstar.tbl_project' doesn't exist. The SQL statement executed was: SHOW FULL COLUMNS FROM `tbl_project`.
in /Library/WebServer/Documents/trackstar/index.php (13)
2013/04/24 13:53:49 [error] [system.db.CDbCommand] CDbCommand::fetchAll() failed: SQLSTATE[42S02]: Base table or view not found: 1146 Table 'trackstar.tbl_project' doesn't exist. The SQL statement executed was: SHOW FULL COLUMNS FROM `tbl_project`.
in /Library/WebServer/Documents/trackstar/index.php (13)
2013/04/24 13:56:28 [error] [system.db.CDbCommand] CDbCommand::fetchAll() failed: SQLSTATE[42S02]: Base table or view not found: 1146 Table 'trackstar.tbl_project' doesn't exist. The SQL statement executed was: SHOW FULL COLUMNS FROM `tbl_project`.
in /Library/WebServer/Documents/trackstar/index.php (13)
2013/04/24 13:57:15 [error] [system.db.CDbCommand] CDbCommand::fetchAll() failed: SQLSTATE[42S02]: Base table or view not found: 1146 Table 'trackstar.tbl_project' doesn't exist. The SQL statement executed was: SHOW FULL COLUMNS FROM `tbl_project`.
in /Library/WebServer/Documents/trackstar/index.php (13)
2013/04/24 13:57:29 [error] [system.db.CDbCommand] CDbCommand::fetchAll() failed: SQLSTATE[42S02]: Base table or view not found: 1146 Table 'trackstar.tbl_project' doesn't exist. The SQL statement executed was: SHOW FULL COLUMNS FROM `tbl_project`.
in /Library/WebServer/Documents/trackstar/index.php (13)
2013/04/24 14:01:03 [error] [system.db.CDbCommand] CDbCommand::fetchAll() failed: SQLSTATE[42S02]: Base table or view not found: 1146 Table 'trackstar.tbl_project' doesn't exist. The SQL statement executed was: SHOW FULL COLUMNS FROM `tbl_project`.
in /Library/WebServer/Documents/trackstar/index.php (13)
2013/04/24 14:01:21 [error] [system.db.CDbCommand] CDbCommand::fetchAll() failed: SQLSTATE[42S02]: Base table or view not found: 1146 Table 'trackstar.tbl_project' doesn't exist. The SQL statement executed was: SHOW FULL COLUMNS FROM `tbl_project`.
in /Library/WebServer/Documents/trackstar/index.php (13)
2013/04/24 14:01:27 [error] [system.db.CDbCommand] CDbCommand::fetchAll() failed: SQLSTATE[42S02]: Base table or view not found: 1146 Table 'trackstar.tbl_project' doesn't exist. The SQL statement executed was: SHOW FULL COLUMNS FROM `tbl_project`.
in /Library/WebServer/Documents/trackstar/index.php (13)
2013/04/24 14:01:44 [error] [system.db.CDbCommand] CDbCommand::fetchAll() failed: SQLSTATE[42S02]: Base table or view not found: 1146 Table 'trackstar.tbl_project' doesn't exist. The SQL statement executed was: SHOW FULL COLUMNS FROM `tbl_project`.
in /Library/WebServer/Documents/trackstar/index.php (13)
2013/04/24 14:02:47 [error] [system.db.CDbCommand] CDbCommand::fetchAll() failed: SQLSTATE[42S02]: Base table or view not found: 1146 Table 'trackstar.tbl_project' doesn't exist. The SQL statement executed was: SHOW FULL COLUMNS FROM `tbl_project`.
in /Library/WebServer/Documents/trackstar/index.php (13)
2013/04/24 18:56:08 [error] [exception.CHttpException.404] exception 'CHttpException' with message 'Unable to resolve the request "projects/index".' in /Library/WebServer/Documents/yiiframework/framework/web/CWebApplication.php:286
Stack trace:
#0 /Library/WebServer/Documents/yiiframework/framework/web/CWebApplication.php(141): CWebApplication->runController('projects/index')
#1 /Library/WebServer/Documents/yiiframework/framework/base/CApplication.php(169): CWebApplication->processRequest()
#2 /Library/WebServer/Documents/trackstar/index.php(13): CApplication->run()
#3 {main}
REQUEST_URI=/index.php?r=projects/index
---
2013/04/26 09:41:48 [error] [exception.CHttpException.403] exception 'CHttpException' with message 'Must specify a project before performing this action.' in /Library/WebServer/Documents/trackstar/protected/controllers/IssueController.php:209
Stack trace:
#0 /Library/WebServer/Documents/yiiframework/framework/web/filters/CInlineFilter.php(58): IssueController->filterProjectContext(Object(CFilterChain))
#1 /Library/WebServer/Documents/yiiframework/framework/web/filters/CFilterChain.php(130): CInlineFilter->filter(Object(CFilterChain))
#2 /Library/WebServer/Documents/yiiframework/framework/web/filters/CFilter.php(40): CFilterChain->run()
#3 /Library/WebServer/Documents/yiiframework/framework/web/CController.php(1145): CFilter->filter(Object(CFilterChain))
#4 /Library/WebServer/Documents/yiiframework/framework/web/filters/CInlineFilter.php(58): CController->filterAccessControl(Object(CFilterChain))
#5 /Library/WebServer/Documents/yiiframework/framework/web/filters/CFilterChain.php(130): CInlineFilter->filter(Object(CFilterChain))
#6 /Library/WebServer/Documents/yiiframework/framework/web/CController.php(291): CFilterChain->run()
#7 /Library/WebServer/Documents/yiiframework/framework/web/CController.php(265): CController->runActionWithFilters(Object(CInlineAction), Array)
#8 /Library/WebServer/Documents/yiiframework/framework/web/CWebApplication.php(282): CController->run('create')
#9 /Library/WebServer/Documents/yiiframework/framework/web/CWebApplication.php(141): CWebApplication->runController('issue/create')
#10 /Library/WebServer/Documents/yiiframework/framework/base/CApplication.php(169): CWebApplication->processRequest()
#11 /Library/WebServer/Documents/trackstar/index.php(13): CApplication->run()
#12 {main}
REQUEST_URI=/index.php?r=issue/create
HTTP_REFERER=http://trackstar.local/index.php?r=issue/create
---
2013/04/26 09:46:55 [error] [exception.CHttpException.403] exception 'CHttpException' with message 'Must specify a project before performing this action.' in /Library/WebServer/Documents/trackstar/protected/controllers/IssueController.php:210
Stack trace:
#0 /Library/WebServer/Documents/yiiframework/framework/web/filters/CInlineFilter.php(58): IssueController->filterProjectContext(Object(CFilterChain))
#1 /Library/WebServer/Documents/yiiframework/framework/web/filters/CFilterChain.php(130): CInlineFilter->filter(Object(CFilterChain))
#2 /Library/WebServer/Documents/yiiframework/framework/web/filters/CFilter.php(40): CFilterChain->run()
#3 /Library/WebServer/Documents/yiiframework/framework/web/CController.php(1145): CFilter->filter(Object(CFilterChain))
#4 /Library/WebServer/Documents/yiiframework/framework/web/filters/CInlineFilter.php(58): CController->filterAccessControl(Object(CFilterChain))
#5 /Library/WebServer/Documents/yiiframework/framework/web/filters/CFilterChain.php(130): CInlineFilter->filter(Object(CFilterChain))
#6 /Library/WebServer/Documents/yiiframework/framework/web/CController.php(291): CFilterChain->run()
#7 /Library/WebServer/Documents/yiiframework/framework/web/CController.php(265): CController->runActionWithFilters(Object(CInlineAction), Array)
#8 /Library/WebServer/Documents/yiiframework/framework/web/CWebApplication.php(282): CController->run('create')
#9 /Library/WebServer/Documents/yiiframework/framework/web/CWebApplication.php(141): CWebApplication->runController('issue/create')
#10 /Library/WebServer/Documents/yiiframework/framework/base/CApplication.php(169): CWebApplication->processRequest()
#11 /Library/WebServer/Documents/trackstar/index.php(13): CApplication->run()
#12 {main}
REQUEST_URI=/index.php?r=issue/create
HTTP_REFERER=http://trackstar.local/index.php?r=issue
---
2013/04/26 09:47:14 [error] [exception.CHttpException.404] exception 'CHttpException' with message 'The requested project does not exist.' in /Library/WebServer/Documents/trackstar/protected/controllers/IssueController.php:193
Stack trace:
#0 /Library/WebServer/Documents/trackstar/protected/controllers/IssueController.php(208): IssueController->loadProject('1')
#1 /Library/WebServer/Documents/yiiframework/framework/web/filters/CInlineFilter.php(58): IssueController->filterProjectContext(Object(CFilterChain))
#2 /Library/WebServer/Documents/yiiframework/framework/web/filters/CFilterChain.php(130): CInlineFilter->filter(Object(CFilterChain))
#3 /Library/WebServer/Documents/yiiframework/framework/web/filters/CFilter.php(40): CFilterChain->run()
#4 /Library/WebServer/Documents/yiiframework/framework/web/CController.php(1145): CFilter->filter(Object(CFilterChain))
#5 /Library/WebServer/Documents/yiiframework/framework/web/filters/CInlineFilter.php(58): CController->filterAccessControl(Object(CFilterChain))
#6 /Library/WebServer/Documents/yiiframework/framework/web/filters/CFilterChain.php(130): CInlineFilter->filter(Object(CFilterChain))
#7 /Library/WebServer/Documents/yiiframework/framework/web/CController.php(291): CFilterChain->run()
#8 /Library/WebServer/Documents/yiiframework/framework/web/CController.php(265): CController->runActionWithFilters(Object(CInlineAction), Array)
#9 /Library/WebServer/Documents/yiiframework/framework/web/CWebApplication.php(282): CController->run('create')
#10 /Library/WebServer/Documents/yiiframework/framework/web/CWebApplication.php(141): CWebApplication->runController('issue/create')
#11 /Library/WebServer/Documents/yiiframework/framework/base/CApplication.php(169): CWebApplication->processRequest()
#12 /Library/WebServer/Documents/trackstar/index.php(13): CApplication->run()
#13 {main}
REQUEST_URI=/index.php?r=issue/create&pid=1
HTTP_REFERER=http://trackstar.local/index.php?r=issue/index
---
2013/04/26 09:59:04 [error] [exception.CException] exception 'CException' with message 'Property "Project.users" is not defined.' in /Library/WebServer/Documents/yiiframework/framework/base/CComponent.php:130
Stack trace:
#0 /Library/WebServer/Documents/yiiframework/framework/db/ar/CActiveRecord.php(143): CComponent->__get('users')
#1 /Library/WebServer/Documents/trackstar/protected/models/Project.php(109): CActiveRecord->__get('users')
#2 /Library/WebServer/Documents/trackstar/protected/views/issue/_form.php(60): Project->getUserOptions()
#3 /Library/WebServer/Documents/yiiframework/framework/web/CBaseController.php(126): require('/Library/WebSer...')
#4 /Library/WebServer/Documents/yiiframework/framework/web/CBaseController.php(95): CBaseController->renderInternal('/Library/WebSer...', Array, true)
#5 /Library/WebServer/Documents/yiiframework/framework/web/CController.php(869): CBaseController->renderFile('/Library/WebSer...', Array, true)
#6 /Library/WebServer/Documents/trackstar/protected/views/issue/create.php(18): CController->renderPartial('_form', Array)
#7 /Library/WebServer/Documents/yiiframework/framework/web/CBaseController.php(126): require('/Library/WebSer...')
#8 /Library/WebServer/Documents/yiiframework/framework/web/CBaseController.php(95): CBaseController->renderInternal('/Library/WebSer...', Array, true)
#9 /Library/WebServer/Documents/yiiframework/framework/web/CController.php(869): CBaseController->renderFile('/Library/WebSer...', Array, true)
#10 /Library/WebServer/Documents/yiiframework/framework/web/CController.php(782): CController->renderPartial('create', Array, true)
#11 /Library/WebServer/Documents/trackstar/protected/controllers/IssueController.php(81): CController->render('create', Array)
#12 /Library/WebServer/Documents/yiiframework/framework/web/actions/CInlineAction.php(49): IssueController->actionCreate()
#13 /Library/WebServer/Documents/yiiframework/framework/web/CController.php(308): CInlineAction->runWithParams(Array)
#14 /Library/WebServer/Documents/yiiframework/framework/web/filters/CFilterChain.php(133): CController->runAction(Object(CInlineAction))
#15 /Library/WebServer/Documents/trackstar/protected/controllers/IssueController.php(213): CFilterChain->run()
#16 /Library/WebServer/Documents/yiiframework/framework/web/filters/CInlineFilter.php(58): IssueController->filterProjectContext(Object(CFilterChain))
#17 /Library/WebServer/Documents/yiiframework/framework/web/filters/CFilterChain.php(130): CInlineFilter->filter(Object(CFilterChain))
#18 /Library/WebServer/Documents/yiiframework/framework/web/filters/CFilter.php(40): CFilterChain->run()
#19 /Library/WebServer/Documents/yiiframework/framework/web/CController.php(1145): CFilter->filter(Object(CFilterChain))
#20 /Library/WebServer/Documents/yiiframework/framework/web/filters/CInlineFilter.php(58): CController->filterAccessControl(Object(CFilterChain))
#21 /Library/WebServer/Documents/yiiframework/framework/web/filters/CFilterChain.php(130): CInlineFilter->filter(Object(CFilterChain))
#22 /Library/WebServer/Documents/yiiframework/framework/web/CController.php(291): CFilterChain->run()
#23 /Library/WebServer/Documents/yiiframework/framework/web/CController.php(265): CController->runActionWithFilters(Object(CInlineAction), Array)
#24 /Library/WebServer/Documents/yiiframework/framework/web/CWebApplication.php(282): CController->run('create')
#25 /Library/WebServer/Documents/yiiframework/framework/web/CWebApplication.php(141): CWebApplication->runController('issue/create')
#26 /Library/WebServer/Documents/yiiframework/framework/base/CApplication.php(169): CWebApplication->processRequest()
#27 /Library/WebServer/Documents/trackstar/index.php(13): CApplication->run()
#28 {main}
REQUEST_URI=/index.php?r=issue/create&pid=1
HTTP_REFERER=http://trackstar.local/index.php?r=project/view&id=1
---
2013/04/26 10:01:51 [error] [php] include(User.php): failed to open stream: No such file or directory (/Library/WebServer/Documents/yiiframework/framework/YiiBase.php:421)
Stack trace:
#0 /Library/WebServer/Documents/yiiframework/framework/db/ar/CActiveRecord.php(386): spl_autoload_call()
#1 /Library/WebServer/Documents/yiiframework/framework/db/ar/CActiveFinder.php(215): model()
#2 /Library/WebServer/Documents/yiiframework/framework/db/ar/CActiveFinder.php(48): CActiveFinder->buildJoinTree()
#3 /Library/WebServer/Documents/yiiframework/framework/db/ar/CActiveRecord.php(271): CActiveFinder->__construct()
#4 /Library/WebServer/Documents/yiiframework/framework/db/ar/CActiveRecord.php(141): Project->getRelated()
#5 /Library/WebServer/Documents/trackstar/protected/models/Project.php(109): Project->__get()
#6 /Library/WebServer/Documents/trackstar/protected/views/issue/_form.php(60): Project->getUserOptions()
#7 /Library/WebServer/Documents/yiiframework/framework/web/CBaseController.php(126): require()
#8 /Library/WebServer/Documents/yiiframework/framework/web/CBaseController.php(95): IssueController->renderInternal()
#9 /Library/WebServer/Documents/yiiframework/framework/web/CController.php(869): IssueController->renderFile()
#10 /Library/WebServer/Documents/trackstar/protected/views/issue/create.php(18): IssueController->renderPartial()
#11 /Library/WebServer/Documents/yiiframework/framework/web/CBaseController.php(126): require()
#12 /Library/WebServer/Documents/yiiframework/framework/web/CBaseController.php(95): IssueController->renderInternal()
#13 /Library/WebServer/Documents/yiiframework/framework/web/CController.php(869): IssueController->renderFile()
#14 /Library/WebServer/Documents/yiiframework/framework/web/CController.php(782): IssueController->renderPartial()
#15 /Library/WebServer/Documents/trackstar/protected/controllers/IssueController.php(81): IssueController->render()
#16 /Library/WebServer/Documents/yiiframework/framework/web/actions/CInlineAction.php(49): IssueController->actionCreate()
#17 /Library/WebServer/Documents/yiiframework/framework/web/CController.php(308): CInlineAction->runWithParams()
#18 /Library/WebServer/Documents/yiiframework/framework/web/filters/CFilterChain.php(133): IssueController->runAction()
#19 /Library/WebServer/Documents/trackstar/protected/controllers/IssueController.php(213): CFilterChain->run()
#20 /Library/WebServer/Documents/yiiframework/framework/web/filters/CInlineFilter.php(58): IssueController->filterProjectContext()
#21 /Library/WebServer/Documents/yiiframework/framework/web/filters/CFilterChain.php(130): CInlineFilter->filter()
#22 /Library/WebServer/Documents/yiiframework/framework/web/filters/CFilter.php(40): CFilterChain->run()
#23 /Library/WebServer/Documents/yiiframework/framework/web/CController.php(1145): CAccessControlFilter->filter()
#24 /Library/WebServer/Documents/yiiframework/framework/web/filters/CInlineFilter.php(58): IssueController->filterAccessControl()
#25 /Library/WebServer/Documents/yiiframework/framework/web/filters/CFilterChain.php(130): CInlineFilter->filter()
#26 /Library/WebServer/Documents/yiiframework/framework/web/CController.php(291): CFilterChain->run()
#27 /Library/WebServer/Documents/yiiframework/framework/web/CController.php(265): IssueController->runActionWithFilters()
#28 /Library/WebServer/Documents/yiiframework/framework/web/CWebApplication.php(282): IssueController->run()
#29 /Library/WebServer/Documents/yiiframework/framework/web/CWebApplication.php(141): CWebApplication->runController()
#30 /Library/WebServer/Documents/yiiframework/framework/base/CApplication.php(169): CWebApplication->processRequest()
#31 /Library/WebServer/Documents/trackstar/index.php(13): CWebApplication->run()
REQUEST_URI=/index.php?r=issue/create&pid=1
in /Library/WebServer/Documents/trackstar/protected/models/Project.php (109)
in /Library/WebServer/Documents/trackstar/protected/views/issue/_form.php (60)
in /Library/WebServer/Documents/trackstar/protected/views/issue/create.php (18)
